Start testing: May 12 00:55 RTZ 2 (ceia)
----------------------------------------------------------
1/4 Testing: sort
1/4 Test: sort
Command: "C:/Program Files/Git/usr/bin/sh.exe" "-c" "D:/DOC/C++/C++sec/sort-n-f-nkorzh/test/test.sh D:/DOC/C++/C++sec/sort-n-f-nkorzh/cmake-build-debug/sort.exe D:/DOC/C++/C++sec/sort-n-f-nkorzh/test/etc/a.txt D:/DOC/C++/C++sec/sort-n-f-nkorzh/test/etc/b.txt D:/DOC/C++/C++sec/sort-n-f-nkorzh/test/etc/c.txt D:/DOC/C++/C++sec/sort-n-f-nkorzh/test/etc/d.txt D:/DOC/C++/C++sec/sort-n-f-nkorzh/test/etc/e.txt D:/DOC/C++/C++sec/sort-n-f-nkorzh/test/etc/f.txt"
Directory: D:/DOC/C++/C++sec/sort-n-f-nkorzh/cmake-build-debug/test
"sort" start time: May 12 00:55 RTZ 2 (ceia)
Output:
----------------------------------------------------------
<end of output>
Test time =   0.46 sec
----------------------------------------------------------
Test Passed.
"sort" end time: May 12 00:55 RTZ 2 (ceia)
"sort" time elapsed: 00:00:00
----------------------------------------------------------

2/4 Testing: sort_f
2/4 Test: sort_f
Command: "C:/Program Files/Git/usr/bin/sh.exe" "-c" "D:/DOC/C++/C++sec/sort-n-f-nkorzh/test/test-f.sh D:/DOC/C++/C++sec/sort-n-f-nkorzh/cmake-build-debug/sort.exe D:/DOC/C++/C++sec/sort-n-f-nkorzh/test/etc/a.txt D:/DOC/C++/C++sec/sort-n-f-nkorzh/test/etc/b.txt D:/DOC/C++/C++sec/sort-n-f-nkorzh/test/etc/c.txt D:/DOC/C++/C++sec/sort-n-f-nkorzh/test/etc/d.txt D:/DOC/C++/C++sec/sort-n-f-nkorzh/test/etc/e.txt D:/DOC/C++/C++sec/sort-n-f-nkorzh/test/etc/f.txt"
Directory: D:/DOC/C++/C++sec/sort-n-f-nkorzh/cmake-build-debug/test
"sort_f" start time: May 12 00:55 RTZ 2 (ceia)
Output:
----------------------------------------------------------
<end of output>
Test time =   0.32 sec
----------------------------------------------------------
Test Passed.
"sort_f" end time: May 12 00:56 RTZ 2 (ceia)
"sort_f" time elapsed: 00:00:00
----------------------------------------------------------

3/4 Testing: sort_n
3/4 Test: sort_n
Command: "C:/Program Files/Git/usr/bin/sh.exe" "-c" "D:/DOC/C++/C++sec/sort-n-f-nkorzh/test/test-n.sh D:/DOC/C++/C++sec/sort-n-f-nkorzh/cmake-build-debug/sort.exe D:/DOC/C++/C++sec/sort-n-f-nkorzh/test/etc/a.txt D:/DOC/C++/C++sec/sort-n-f-nkorzh/test/etc/b.txt D:/DOC/C++/C++sec/sort-n-f-nkorzh/test/etc/c.txt D:/DOC/C++/C++sec/sort-n-f-nkorzh/test/etc/d.txt D:/DOC/C++/C++sec/sort-n-f-nkorzh/test/etc/e.txt D:/DOC/C++/C++sec/sort-n-f-nkorzh/test/etc/f.txt"
Directory: D:/DOC/C++/C++sec/sort-n-f-nkorzh/cmake-build-debug/test
"sort_n" start time: May 12 00:56 RTZ 2 (ceia)
Output:
----------------------------------------------------------
<end of output>
Test time =   0.34 sec
----------------------------------------------------------
Test Passed.
"sort_n" end time: May 12 00:56 RTZ 2 (ceia)
"sort_n" time elapsed: 00:00:00
----------------------------------------------------------

4/4 Testing: sort_nf
4/4 Test: sort_nf
Command: "C:/Program Files/Git/usr/bin/sh.exe" "-c" "D:/DOC/C++/C++sec/sort-n-f-nkorzh/test/test-nf.sh D:/DOC/C++/C++sec/sort-n-f-nkorzh/cmake-build-debug/sort.exe D:/DOC/C++/C++sec/sort-n-f-nkorzh/test/etc/a.txt D:/DOC/C++/C++sec/sort-n-f-nkorzh/test/etc/b.txt D:/DOC/C++/C++sec/sort-n-f-nkorzh/test/etc/c.txt D:/DOC/C++/C++sec/sort-n-f-nkorzh/test/etc/d.txt D:/DOC/C++/C++sec/sort-n-f-nkorzh/test/etc/e.txt D:/DOC/C++/C++sec/sort-n-f-nkorzh/test/etc/f.txt"
Directory: D:/DOC/C++/C++sec/sort-n-f-nkorzh/cmake-build-debug/test
"sort_nf" start time: May 12 00:56 RTZ 2 (ceia)
Output:
----------------------------------------------------------
<end of output>
Test time =   0.37 sec
----------------------------------------------------------
Test Passed.
"sort_nf" end time: May 12 00:56 RTZ 2 (ceia)
"sort_nf" time elapsed: 00:00:00
----------------------------------------------------------

End testing: May 12 00:56 RTZ 2 (ceia)
